  [1m[36m (104.3ms)[0m  [1mCREATE TABLE "schema_migrations" ("version" varchar NOT NULL) [0m
  [1m[35m (0.5ms)[0m  select sqlite_version(*)
  [1m[36m (95.8ms)[0m  [1mCREATE UNIQUE INDEX "unique_schema_migrations" ON "schema_migrations" ("version")[0m
  [1m[35mActiveRecord::SchemaMigration Load (0.5ms)[0m  SELECT "schema_migrations".* FROM "schema_migrations"
  [1m[36mActiveRecord::SchemaMigration Load (0.5ms)[0m  [1mSELECT "schema_migrations".* FROM "schema_migrations"[0m
Migrating to DeviseCreateUsers (20160318064615)
  [1m[35m (0.3ms)[0m  begin transaction
  [1m[36m (3.6ms)[0m  [1mCREATE TABLE "users" ("id" INTEGER PRIMARY KEY AUTOINCREMENT NOT NULL, "email" varchar DEFAULT '' NOT NULL, "encrypted_password" varchar DEFAULT '' NOT NULL, "reset_password_token" varchar, "reset_password_sent_at" datetime, "remember_created_at" datetime, "sign_in_count" integer DEFAULT 0 NOT NULL, "current_sign_in_at" datetime, "last_sign_in_at" datetime, "current_sign_in_ip" varchar, "last_sign_in_ip" varchar, "created_at" datetime NOT NULL, "updated_at" datetime NOT NULL) [0m
  [1m[35m (0.3ms)[0m  select sqlite_version(*)
  [1m[36m (1.0ms)[0m  [1mCREATE UNIQUE INDEX "index_users_on_email" ON "users" ("email")[0m
  [1m[35m (0.8ms)[0m              SELECT sql
            FROM sqlite_master
            WHERE name='index_users_on_email' AND type='index'
            UNION ALL
            SELECT sql
            FROM sqlite_temp_master
            WHERE name='index_users_on_email' AND type='index'

  [1m[36m (0.8ms)[0m  [1mCREATE UNIQUE INDEX "index_users_on_reset_password_token" ON "users" ("reset_password_token")[0m
  [1m[35mSQL (0.7ms)[0m  INSERT INTO "schema_migrations" ("version") VALUES (?)  [["version", "20160318064615"]]
  [1m[36m (129.0ms)[0m  [1mcommit transaction[0m
  [1m[35mActiveRecord::SchemaMigration Load (0.5ms)[0m  SELECT "schema_migrations".* FROM "schema_migrations"
  [1m[36m (0.6ms)[0m  [1m            SELECT sql
            FROM sqlite_master
            WHERE name='index_users_on_reset_password_token' AND type='index'
            UNION ALL
            SELECT sql
            FROM sqlite_temp_master
            WHERE name='index_users_on_reset_password_token' AND type='index'
[0m
  [1m[35m (0.5ms)[0m              SELECT sql
            FROM sqlite_master
            WHERE name='index_users_on_email' AND type='index'
            UNION ALL
            SELECT sql
            FROM sqlite_temp_master
            WHERE name='index_users_on_email' AND type='index'

  [1m[36mActiveRecord::SchemaMigration Load (0.6ms)[0m  [1mSELECT "schema_migrations".* FROM "schema_migrations"[0m
Migrating to AddFieldsToUsers (20160318071340)
  [1m[35m (0.5ms)[0m  begin transaction
  [1m[36m (1.8ms)[0m  [1mALTER TABLE "users" ADD "names" varchar[0m
  [1m[35mSQL (0.8ms)[0m  INSERT INTO "schema_migrations" ("version") VALUES (?)  [["version", "20160318071340"]]
  [1m[36m (154.8ms)[0m  [1mcommit transaction[0m
  [1m[35mActiveRecord::SchemaMigration Load (0.7ms)[0m  SELECT "schema_migrations".* FROM "schema_migrations"
  [1m[36m (0.9ms)[0m  [1m            SELECT sql
            FROM sqlite_master
            WHERE name='index_users_on_reset_password_token' AND type='index'
            UNION ALL
            SELECT sql
            FROM sqlite_temp_master
            WHERE name='index_users_on_reset_password_token' AND type='index'
[0m
  [1m[35m (0.6ms)[0m              SELECT sql
            FROM sqlite_master
            WHERE name='index_users_on_email' AND type='index'
            UNION ALL
            SELECT sql
            FROM sqlite_temp_master
            WHERE name='index_users_on_email' AND type='index'

  [1m[36mActiveRecord::SchemaMigration Load (0.8ms)[0m  [1mSELECT "schema_migrations".* FROM "schema_migrations"[0m
Migrating to AddRolesToUser (20160318071712)
  [1m[35m (0.3ms)[0m  begin transaction
  [1m[36m (1.6ms)[0m  [1mALTER TABLE "users" ADD "is_admin" boolean[0m
  [1m[35m (1.2ms)[0m  ALTER TABLE "users" ADD "is_mua" boolean
  [1m[36m (1.1ms)[0m  [1mALTER TABLE "users" ADD "is_contributor" boolean[0m
  [1m[35m (1.1ms)[0m  ALTER TABLE "users" ADD "is_model" boolean
  [1m[36mSQL (0.9ms)[0m  [1mINSERT INTO "schema_migrations" ("version") VALUES (?)[0m  [["version", "20160318071712"]]
  [1m[35m (180.2ms)[0m  commit transaction
  [1m[36mActiveRecord::SchemaMigration Load (0.6ms)[0m  [1mSELECT "schema_migrations".* FROM "schema_migrations"[0m
  [1m[35m (0.7ms)[0m              SELECT sql
            FROM sqlite_master
            WHERE name='index_users_on_reset_password_token' AND type='index'
            UNION ALL
            SELECT sql
            FROM sqlite_temp_master
            WHERE name='index_users_on_reset_password_token' AND type='index'

  [1m[36m (0.6ms)[0m  [1m            SELECT sql
            FROM sqlite_master
            WHERE name='index_users_on_email' AND type='index'
            UNION ALL
            SELECT sql
            FROM sqlite_temp_master
            WHERE name='index_users_on_email' AND type='index'
[0m


Started GET "/" for 127.0.0.1 at 2016-03-18 10:25:38 +0300
  [1m[36mActiveRecord::SchemaMigration Load (0.6ms)[0m  [1mSELECT "schema_migrations".* FROM "schema_migrations"[0m

SyntaxError (/home/ninja/Desktop/ivertise/app/controllers/application_controller.rb:11: syntax error, unexpected end-of-input, expecting keyword_end):
  app/controllers/application_controller.rb:11: syntax error, unexpected end-of-input, expecting keyword_end
  app/controllers/home_controller.rb:1:in `<top (required)>'


  Rendered /home/ninja/.rvm/gems/ruby-2.1.2/gems/actionpack-4.2.5.2/lib/action_dispatch/middleware/templates/rescues/_source.erb (44.9ms)
  Rendered /home/ninja/.rvm/gems/ruby-2.1.2/gems/actionpack-4.2.5.2/lib/action_dispatch/middleware/templates/rescues/_trace.html.erb (27.8ms)
  Rendered /home/ninja/.rvm/gems/ruby-2.1.2/gems/actionpack-4.2.5.2/lib/action_dispatch/middleware/templates/rescues/_request_and_response.html.erb (69.8ms)
  Rendered /home/ninja/.rvm/gems/ruby-2.1.2/gems/actionpack-4.2.5.2/lib/action_dispatch/middleware/templates/rescues/diagnostics.html.erb within rescues/layout (235.1ms)
  Rendered /home/ninja/.rvm/gems/ruby-2.1.2/gems/web-console-2.3.0/lib/web_console/templates/_markup.html.erb (2.0ms)
  Rendered /home/ninja/.rvm/gems/ruby-2.1.2/gems/web-console-2.3.0/lib/web_console/templates/_inner_console_markup.html.erb within layouts/inlined_string (1.5ms)
  Rendered /home/ninja/.rvm/gems/ruby-2.1.2/gems/web-console-2.3.0/lib/web_console/templates/_prompt_box_markup.html.erb within layouts/inlined_string (1.5ms)
  Rendered /home/ninja/.rvm/gems/ruby-2.1.2/gems/web-console-2.3.0/lib/web_console/templates/style.css.erb within layouts/inlined_string (4.4ms)
  Rendered /home/ninja/.rvm/gems/ruby-2.1.2/gems/web-console-2.3.0/lib/web_console/templates/console.js.erb within layouts/javascript (265.6ms)
  Rendered /home/ninja/.rvm/gems/ruby-2.1.2/gems/web-console-2.3.0/lib/web_console/templates/main.js.erb within layouts/javascript (1.4ms)
  Rendered /home/ninja/.rvm/gems/ruby-2.1.2/gems/web-console-2.3.0/lib/web_console/templates/error_page.js.erb within layouts/javascript (6.2ms)
  Rendered /home/ninja/.rvm/gems/ruby-2.1.2/gems/web-console-2.3.0/lib/web_console/templates/index.html.erb (387.6ms)


Started GET "/" for 127.0.0.1 at 2016-03-18 10:26:15 +0300
Processing by HomeController#index as HTML
  Rendered home/index.html.erb within layouts/application (4.5ms)
Completed 200 OK in 5207ms (Views: 5160.3ms | ActiveRecord: 0.0ms)


Started GET "/assets/home.self-e3b0c44298fc1c149afbf4c8996fb92427ae41e4649b934ca495991b7852b855.css?body=1" for 127.0.0.1 at 2016-03-18 10:26:21 +0300


Started GET "/assets/jquery_ujs.self-e87806d0cf4489aeb1bb7288016024e8de67fd18db693fe026fe3907581e53cd.js?body=1" for 127.0.0.1 at 2016-03-18 10:26:21 +0300


Started GET "/assets/home.self-877aef30ae1b040ab8a3aba4e3e309a11d7f2612f44dde450b5c157aa5f95c05.js?body=1" for 127.0.0.1 at 2016-03-18 10:26:21 +0300


Started GET "/assets/jquery.self-660adc51e0224b731d29f575a6f1ec167ba08ad06ed5deca4f1e8654c135bf4c.js?body=1" for 127.0.0.1 at 2016-03-18 10:26:21 +0300


Started GET "/assets/application.self-e80e8f2318043e8af94dddc2adad5a4f09739a8ebb323b3ab31cd71d45fd9113.css?body=1" for 127.0.0.1 at 2016-03-18 10:26:21 +0300


Started GET "/assets/application.self-3b8dabdc891efe46b9a144b400ad69e37d7e5876bdc39dee783419a69d7ca819.js?body=1" for 127.0.0.1 at 2016-03-18 10:26:21 +0300


Started GET "/assets/turbolinks.self-c37727e9bd6b2735da5c311aa83fead54ed0be6cc8bd9a65309e9c5abe2cbfff.js?body=1" for 127.0.0.1 at 2016-03-18 10:26:21 +0300


Started GET "/users/sign_up" for 127.0.0.1 at 2016-03-18 10:26:34 +0300
Processing by Devise::RegistrationsController#new as HTML
  Rendered devise/shared/_links.html.erb (28.5ms)
  Rendered devise/registrations/new.html.erb within layouts/application (343.9ms)
Completed 200 OK in 640ms (Views: 470.4ms | ActiveRecord: 5.9ms)


Started POST "/users" for 127.0.0.1 at 2016-03-18 10:27:10 +0300
Processing by Devise::RegistrationsController#create as HTML
  Parameters: {"utf8"=>"✓", "authenticity_token"=>"ZRteQmIx+8pv+HZ1EDQmIK8f6zm6pCuvfPtigTyPaYNSuuGVwSqf04qQyHOWlNCMkumrMaxF2VvZkyWc5qiz2g==", "user"=>{"names"=>"fruit", "email"=>"fruit@info.com", "password"=>"[FILTERED]", "password_confirmation"=>"[FILTERED]"}, "commit"=>"Sign up"}
Unpermitted parameter: password_confirmation
  [1m[35m (0.6ms)[0m  begin transaction
  [1m[36mUser Exists (1.8ms)[0m  [1mSELECT  1 AS one FROM "users" WHERE "users"."email" = 'fruit@info.com' LIMIT 1[0m
  [1m[35mSQL (10.5ms)[0m  INSERT INTO "users" ("names", "email", "encrypted_password", "created_at", "updated_at") VALUES (?, ?, ?, ?, ?)  [["names", "fruit"], ["email", "fruit@info.com"], ["encrypted_password", "$2a$10$.POKvyOHHoat2setHGj0.OmmhsbARzCZrjEAGFZnPgSDxhSKfsl5a"], ["created_at", "2016-03-18 07:27:10.951526"], ["updated_at", "2016-03-18 07:27:10.951526"]]
  [1m[36m (119.1ms)[0m  [1mcommit transaction[0m
  [1m[35m (0.4ms)[0m  begin transaction
  [1m[36mSQL (6.9ms)[0m  [1mUPDATE "users" SET "last_sign_in_at" = ?, "current_sign_in_at" = ?, "last_sign_in_ip" = ?, "current_sign_in_ip" = ?, "sign_in_count" = ?, "updated_at" = ? WHERE "users"."id" = ?[0m  [["last_sign_in_at", "2016-03-18 07:27:11.095222"], ["current_sign_in_at", "2016-03-18 07:27:11.095222"], ["last_sign_in_ip", "127.0.0.1"], ["current_sign_in_ip", "127.0.0.1"], ["sign_in_count", 1], ["updated_at", "2016-03-18 07:27:11.102904"], ["id", 1]]
  [1m[35m (149.6ms)[0m  commit transaction
Redirected to http://localhost:3000/
Completed 302 Found in 984ms (ActiveRecord: 289.0ms)


Started GET "/" for 127.0.0.1 at 2016-03-18 10:27:11 +0300
Processing by HomeController#index as HTML
  Rendered home/index.html.erb within layouts/application (0.3ms)
Completed 200 OK in 98ms (Views: 94.9ms | ActiveRecord: 0.0ms)


Started GET "/users/3/edit" for 127.0.0.1 at 2016-03-18 10:27:32 +0300

ActionController::RoutingError (No route matches [GET] "/users/3/edit"):
  actionpack (4.2.5.2) lib/action_dispatch/middleware/debug_exceptions.rb:21:in `call'
  web-console (2.3.0) lib/web_console/middleware.rb:28:in `block in call'
  web-console (2.3.0) lib/web_console/middleware.rb:18:in `catch'
  web-console (2.3.0) lib/web_console/middleware.rb:18:in `call'
  actionpack (4.2.5.2) lib/action_dispatch/middleware/show_exceptions.rb:30:in `call'
  railties (4.2.5.2) lib/rails/rack/logger.rb:38:in `call_app'
  railties (4.2.5.2) lib/rails/rack/logger.rb:20:in `block in call'
  activesupport (4.2.5.2) lib/active_support/tagged_logging.rb:68:in `block in tagged'
  activesupport (4.2.5.2) lib/active_support/tagged_logging.rb:26:in `tagged'
  activesupport (4.2.5.2) lib/active_support/tagged_logging.rb:68:in `tagged'
  railties (4.2.5.2) lib/rails/rack/logger.rb:20:in `call'
  actionpack (4.2.5.2) lib/action_dispatch/middleware/request_id.rb:21:in `call'
  rack (1.6.4) lib/rack/methodoverride.rb:22:in `call'
  rack (1.6.4) lib/rack/runtime.rb:18:in `call'
  activesupport (4.2.5.2) lib/active_support/cache/strategy/local_cache_middleware.rb:28:in `call'
  rack (1.6.4) lib/rack/lock.rb:17:in `call'
  actionpack (4.2.5.2) lib/action_dispatch/middleware/static.rb:116:in `call'
  rack (1.6.4) lib/rack/sendfile.rb:113:in `call'
  railties (4.2.5.2) lib/rails/engine.rb:518:in `call'
  railties (4.2.5.2) lib/rails/application.rb:165:in `call'
  rack (1.6.4) lib/rack/lock.rb:17:in `call'
  rack (1.6.4) lib/rack/content_length.rb:15:in `call'
  rack (1.6.4) lib/rack/handler/webrick.rb:88:in `service'
  /home/ninja/.rvm/rubies/ruby-2.1.2/lib/ruby/2.1.0/webrick/httpserver.rb:138:in `service'
  /home/ninja/.rvm/rubies/ruby-2.1.2/lib/ruby/2.1.0/webrick/httpserver.rb:94:in `run'
  /home/ninja/.rvm/rubies/ruby-2.1.2/lib/ruby/2.1.0/webrick/server.rb:295:in `block in start_thread'


  Rendered /home/ninja/.rvm/gems/ruby-2.1.2/gems/actionpack-4.2.5.2/lib/action_dispatch/middleware/templates/rescues/_trace.html.erb (10.0ms)
  Rendered /home/ninja/.rvm/gems/ruby-2.1.2/gems/actionpack-4.2.5.2/lib/action_dispatch/middleware/templates/routes/_route.html.erb (7.9ms)
  Rendered /home/ninja/.rvm/gems/ruby-2.1.2/gems/actionpack-4.2.5.2/lib/action_dispatch/middleware/templates/routes/_table.html.erb (21.8ms)
  Rendered /home/ninja/.rvm/gems/ruby-2.1.2/gems/actionpack-4.2.5.2/lib/action_dispatch/middleware/templates/rescues/_request_and_response.html.erb (9.0ms)
  Rendered /home/ninja/.rvm/gems/ruby-2.1.2/gems/actionpack-4.2.5.2/lib/action_dispatch/middleware/templates/rescues/routing_error.html.erb within rescues/layout (212.4ms)
  Rendered /home/ninja/.rvm/gems/ruby-2.1.2/gems/web-console-2.3.0/lib/web_console/templates/_markup.html.erb (1.8ms)
  Rendered /home/ninja/.rvm/gems/ruby-2.1.2/gems/web-console-2.3.0/lib/web_console/templates/_inner_console_markup.html.erb within layouts/inlined_string (2.0ms)
  Rendered /home/ninja/.rvm/gems/ruby-2.1.2/gems/web-console-2.3.0/lib/web_console/templates/_prompt_box_markup.html.erb within layouts/inlined_string (2.4ms)
  Rendered /home/ninja/.rvm/gems/ruby-2.1.2/gems/web-console-2.3.0/lib/web_console/templates/style.css.erb within layouts/inlined_string (1.7ms)
  Rendered /home/ninja/.rvm/gems/ruby-2.1.2/gems/web-console-2.3.0/lib/web_console/templates/console.js.erb within layouts/javascript (73.2ms)
  Rendered /home/ninja/.rvm/gems/ruby-2.1.2/gems/web-console-2.3.0/lib/web_console/templates/main.js.erb within layouts/javascript (3.8ms)
  Rendered /home/ninja/.rvm/gems/ruby-2.1.2/gems/web-console-2.3.0/lib/web_console/templates/error_page.js.erb within layouts/javascript (1.9ms)
  Rendered /home/ninja/.rvm/gems/ruby-2.1.2/gems/web-console-2.3.0/lib/web_console/templates/index.html.erb (162.5ms)


Started GET "/users/edit" for 127.0.0.1 at 2016-03-18 10:27:46 +0300
Processing by Devise::RegistrationsController#edit as HTML
  [1m[36mUser Load (1.0ms)[0m  [1mSELECT  "users".* FROM "users" WHERE "users"."id" = ?  ORDER BY "users"."id" ASC LIMIT 1[0m  [["id", 1]]
  Rendered devise/registrations/edit.html.erb within layouts/application (67.0ms)
Completed 200 OK in 217ms (Views: 191.4ms | ActiveRecord: 1.0ms)


Started GET "/users/edit" for 127.0.0.1 at 2016-03-18 10:28:23 +0300
Processing by Devise::RegistrationsController#edit as HTML
  [1m[35mUser Load (0.4ms)[0m  SELECT  "users".* FROM "users" WHERE "users"."id" = ?  ORDER BY "users"."id" ASC LIMIT 1  [["id", 1]]
  Rendered devise/registrations/edit.html.erb within layouts/application (76.2ms)
Completed 200 OK in 203ms (Views: 185.7ms | ActiveRecord: 0.4ms)


Started GET "/assets/home.self-e3b0c44298fc1c149afbf4c8996fb92427ae41e4649b934ca495991b7852b855.css?body=1" for 127.0.0.1 at 2016-03-18 10:28:23 +0300


Started GET "/assets/application.self-e80e8f2318043e8af94dddc2adad5a4f09739a8ebb323b3ab31cd71d45fd9113.css?body=1" for 127.0.0.1 at 2016-03-18 10:28:24 +0300


Started GET "/assets/jquery.self-660adc51e0224b731d29f575a6f1ec167ba08ad06ed5deca4f1e8654c135bf4c.js?body=1" for 127.0.0.1 at 2016-03-18 10:28:24 +0300


Started GET "/assets/jquery_ujs.self-e87806d0cf4489aeb1bb7288016024e8de67fd18db693fe026fe3907581e53cd.js?body=1" for 127.0.0.1 at 2016-03-18 10:28:24 +0300


Started GET "/assets/turbolinks.self-c37727e9bd6b2735da5c311aa83fead54ed0be6cc8bd9a65309e9c5abe2cbfff.js?body=1" for 127.0.0.1 at 2016-03-18 10:28:24 +0300


Started GET "/assets/home.self-877aef30ae1b040ab8a3aba4e3e309a11d7f2612f44dde450b5c157aa5f95c05.js?body=1" for 127.0.0.1 at 2016-03-18 10:28:24 +0300


Started GET "/assets/application.self-3b8dabdc891efe46b9a144b400ad69e37d7e5876bdc39dee783419a69d7ca819.js?body=1" for 127.0.0.1 at 2016-03-18 10:28:24 +0300


Started DELETE "/users" for 127.0.0.1 at 2016-03-18 10:28:31 +0300
Processing by Devise::RegistrationsController#destroy as HTML
  Parameters: {"authenticity_token"=>"kXuHTttZ7/IEYa485lRuH9PDDozdlVjeL4en4Om3Lyem2jiZeEKL6+EJEDpg9Jiz7jVOhMt0qiqK7+D9M5D1fg=="}
  [1m[36mUser Load (0.5ms)[0m  [1mSELECT  "users".* FROM "users" WHERE "users"."id" = ?  ORDER BY "users"."id" ASC LIMIT 1[0m  [["id", 1]]
  [1m[35m (0.4ms)[0m  begin transaction
  [1m[36mSQL (10.3ms)[0m  [1mDELETE FROM "users" WHERE "users"."id" = ?[0m  [["id", 1]]
  [1m[35m (497.9ms)[0m  commit transaction
Redirected to http://localhost:3000/
Completed 302 Found in 595ms (ActiveRecord: 509.1ms)


Started GET "/" for 127.0.0.1 at 2016-03-18 10:28:32 +0300
Processing by HomeController#index as HTML
  Rendered home/index.html.erb within layouts/application (0.3ms)
Completed 200 OK in 111ms (Views: 106.7ms | ActiveRecord: 0.0ms)
  [1m[36mActiveRecord::SchemaMigration Load (0.6ms)[0m  [1mSELECT "schema_migrations".* FROM "schema_migrations"[0m
Migrating to AddAvatarsToUsers (20160318073223)
  [1m[35m (0.5ms)[0m  begin transaction
  [1m[36m (3.4ms)[0m  [1mALTER TABLE "users" ADD "avatar_file_name" varchar[0m
  [1m[35m (1.2ms)[0m  ALTER TABLE "users" ADD "avatar_content_type" varchar
  [1m[36m (1.0ms)[0m  [1mALTER TABLE "users" ADD "avatar_file_size" integer[0m
  [1m[35m (9.0ms)[0m  ALTER TABLE "users" ADD "avatar_updated_at" datetime
  [1m[36mSQL (2.0ms)[0m  [1mINSERT INTO "schema_migrations" ("version") VALUES (?)[0m  [["version", "20160318073223"]]
  [1m[35m (156.4ms)[0m  commit transaction
  [1m[36mActiveRecord::SchemaMigration Load (1.0ms)[0m  [1mSELECT "schema_migrations".* FROM "schema_migrations"[0m
  [1m[35m (0.6ms)[0m              SELECT sql
            FROM sqlite_master
            WHERE name='index_users_on_reset_password_token' AND type='index'
            UNION ALL
            SELECT sql
            FROM sqlite_temp_master
            WHERE name='index_users_on_reset_password_token' AND type='index'

  [1m[36m (0.5ms)[0m  [1m            SELECT sql
            FROM sqlite_master
            WHERE name='index_users_on_email' AND type='index'
            UNION ALL
            SELECT sql
            FROM sqlite_temp_master
            WHERE name='index_users_on_email' AND type='index'
[0m


Started GET "/users/sign_in" for 127.0.0.1 at 2016-03-18 10:42:22 +0300
  [1m[36mActiveRecord::SchemaMigration Load (0.9ms)[0m  [1mSELECT "schema_migrations".* FROM "schema_migrations"[0m
Processing by Devise::SessionsController#new as HTML
  Rendered devise/shared/_links.html.erb (69.7ms)
  Rendered devise/sessions/new.html.erb within layouts/application (310.5ms)
Completed 200 OK in 1952ms (Views: 1742.4ms | ActiveRecord: 3.1ms)


Started GET "/users/sign_up" for 127.0.0.1 at 2016-03-18 10:42:29 +0300
Processing by Devise::RegistrationsController#new as HTML
  Rendered devise/shared/_links.html.erb (32.7ms)
  Rendered devise/registrations/new.html.erb within layouts/application (88.9ms)
Completed 200 OK in 220ms (Views: 209.9ms | ActiveRecord: 0.0ms)


Started POST "/users" for 127.0.0.1 at 2016-03-18 10:42:52 +0300
Processing by Devise::RegistrationsController#create as HTML
  Parameters: {"utf8"=>"✓", "authenticity_token"=>"0zq+ra4uMLXuizkTN1kbfdLGmd80PgnjbvpkvFTI3osJPwEDtrz8zsXFYEbMV62AVmu/HiNTYFWwfeeHhHhoKw==", "user"=>{"names"=>"fruit", "email"=>"fruit@info.com", "password"=>"[FILTERED]", "password_confirmation"=>"[FILTERED]"}, "commit"=>"Sign up"}
Unpermitted parameter: password_confirmation
  [1m[35m (0.4ms)[0m  begin transaction
  [1m[36mUser Exists (0.6ms)[0m  [1mSELECT  1 AS one FROM "users" WHERE "users"."email" = 'fruit@info.com' LIMIT 1[0m
  [1m[35mSQL (5.5ms)[0m  INSERT INTO "users" ("names", "email", "encrypted_password", "created_at", "updated_at") VALUES (?, ?, ?, ?, ?)  [["names", "fruit"], ["email", "fruit@info.com"], ["encrypted_password", "$2a$10$OVV42/DXsLSOqsLx1WigV.KH9/rU5CdxDSb5qoB9q2UXe64bBDOia"], ["created_at", "2016-03-18 07:42:53.278615"], ["updated_at", "2016-03-18 07:42:53.278615"]]
  [1m[36m (160.7ms)[0m  [1mcommit transaction[0m
  [1m[35m (0.4ms)[0m  begin transaction
  [1m[36mSQL (1.2ms)[0m  [1mUPDATE "users" SET "last_sign_in_at" = ?, "current_sign_in_at" = ?, "last_sign_in_ip" = ?, "current_sign_in_ip" = ?, "sign_in_count" = ?, "updated_at" = ? WHERE "users"."id" = ?[0m  [["last_sign_in_at", "2016-03-18 07:42:53.460627"], ["current_sign_in_at", "2016-03-18 07:42:53.460627"], ["last_sign_in_ip", "127.0.0.1"], ["current_sign_in_ip", "127.0.0.1"], ["sign_in_count", 1], ["updated_at", "2016-03-18 07:42:53.468495"], ["id", 2]]
  [1m[35m (122.0ms)[0m  commit transaction
Redirected to http://localhost:3000/
Completed 302 Found in 727ms (ActiveRecord: 290.8ms)


Started GET "/" for 127.0.0.1 at 2016-03-18 10:42:53 +0300
Processing by HomeController#index as HTML
  Rendered home/index.html.erb within layouts/application (5.8ms)
Completed 200 OK in 141ms (Views: 137.3ms | ActiveRecord: 0.0ms)


Started GET "/users/edit" for 127.0.0.1 at 2016-03-18 10:43:03 +0300
Processing by Devise::RegistrationsController#edit as HTML
  [1m[36mUser Load (4.1ms)[0m  [1mSELECT  "users".* FROM "users" WHERE "users"."id" = ?  ORDER BY "users"."id" ASC LIMIT 1[0m  [["id", 2]]
  Rendered devise/registrations/edit.html.erb within layouts/application (125.4ms)
Completed 200 OK in 273ms (Views: 250.7ms | ActiveRecord: 4.1ms)


Started PUT "/users" for 127.0.0.1 at 2016-03-18 10:43:33 +0300
Processing by Devise::RegistrationsController#update as HTML
  Parameters: {"utf8"=>"✓", "authenticity_token"=>"R9vI14NCpJ8R1i6E0wjnUxnqcG5e86Pafw/T512wfmCd3nd5m9Bo5DqYd9EoBlGunUdWr0meymyhiFDcjQDIwA==", "user"=>{"avatar"=>#<ActionDispatch::Http::UploadedFile:0x007f04c2535a98 @tempfile=#<Tempfile:/tmp/RackMultipart20160318-6062-tmdrof.jpg>, @original_filename="anthem.jpg", @content_type="image/jpeg", @headers="Content-Disposition: form-data; name=\"user[avatar]\"; filename=\"anthem.jpg\"\r\nContent-Type: image/jpeg\r\n">, "names"=>"fruit", "email"=>"fruit@info.com", "password"=>"[FILTERED]", "password_confirmation"=>"[FILTERED]", "current_password"=>"[FILTERED]"}, "commit"=>"Update"}
  [1m[35mUser Load (0.8ms)[0m  SELECT  "users".* FROM "users" WHERE "users"."id" = ?  ORDER BY "users"."id" ASC LIMIT 1  [["id", 2]]
  [1m[36mUser Load (1.0ms)[0m  [1mSELECT  "users".* FROM "users" WHERE "users"."id" = ? LIMIT 1[0m  [["id", 2]]
Unpermitted parameters: password_confirmation, current_password
Command :: file -b --mime '/tmp/e5e473799c7ae461f9fa952d933ed42d20160318-6062-fx7405.jpg'
Command :: identify -format '%wx%h,%[exif:orientation]' '/tmp/e5e473799c7ae461f9fa952d933ed42d20160318-6062-1gek1vb.jpg[0]' 2>/dev/null
Command :: identify -format %m '/tmp/e5e473799c7ae461f9fa952d933ed42d20160318-6062-1gek1vb.jpg[0]'
Command :: convert '/tmp/e5e473799c7ae461f9fa952d933ed42d20160318-6062-1gek1vb.jpg[0]' -auto-orient -resize "300x300>" '/tmp/d131c296b10751cdb91c6118201e066820160318-6062-1cqnq9k'
Command :: identify -format '%wx%h,%[exif:orientation]' '/tmp/e5e473799c7ae461f9fa952d933ed42d20160318-6062-1gek1vb.jpg[0]' 2>/dev/null
Command :: identify -format %m '/tmp/e5e473799c7ae461f9fa952d933ed42d20160318-6062-1gek1vb.jpg[0]'
Command :: convert '/tmp/e5e473799c7ae461f9fa952d933ed42d20160318-6062-1gek1vb.jpg[0]' -auto-orient -resize "x100" -crop "100x100+1+0" +repage '/tmp/d131c296b10751cdb91c6118201e066820160318-6062-i3vu80'
Command :: file -b --mime '/tmp/e5e473799c7ae461f9fa952d933ed42d20160318-6062-1jd1ipu.jpg'
  Rendered devise/registrations/edit.html.erb within layouts/application (59.4ms)
Completed 200 OK in 1634ms (Views: 188.9ms | ActiveRecord: 1.8ms)


Started PUT "/users" for 127.0.0.1 at 2016-03-18 10:43:57 +0300
Processing by Devise::RegistrationsController#update as HTML
  Parameters: {"utf8"=>"✓", "authenticity_token"=>"aB5L8yg7NGVXsJY86DPWlekSnKO1XtsAR7/t75EhPNiyG/RdMKn4Hnz+z2kTPWBobb+6YqIzsraZOG7UQZGKeA==", "user"=>{"avatar"=>#<ActionDispatch::Http::UploadedFile:0x007f04c28c06e0 @tempfile=#<Tempfile:/tmp/RackMultipart20160318-6062-1f9f5px.jpg>, @original_filename="anthem.jpg", @content_type="image/jpeg", @headers="Content-Disposition: form-data; name=\"user[avatar]\"; filename=\"anthem.jpg\"\r\nContent-Type: image/jpeg\r\n">, "names"=>"fruit", "email"=>"fruit@info.com", "password"=>"[FILTERED]", "password_confirmation"=>"[FILTERED]", "current_password"=>"[FILTERED]"}, "commit"=>"Update"}
  [1m[35mUser Load (0.5ms)[0m  SELECT  "users".* FROM "users" WHERE "users"."id" = ?  ORDER BY "users"."id" ASC LIMIT 1  [["id", 2]]
  [1m[36mUser Load (0.4ms)[0m  [1mSELECT  "users".* FROM "users" WHERE "users"."id" = ? LIMIT 1[0m  [["id", 2]]
Unpermitted parameters: password_confirmation, current_password
Command :: file -b --mime '/tmp/e5e473799c7ae461f9fa952d933ed42d20160318-6062-122t66o.jpg'
Command :: identify -format '%wx%h,%[exif:orientation]' '/tmp/e5e473799c7ae461f9fa952d933ed42d20160318-6062-5p43zi.jpg[0]' 2>/dev/null
Command :: identify -format %m '/tmp/e5e473799c7ae461f9fa952d933ed42d20160318-6062-5p43zi.jpg[0]'
Command :: convert '/tmp/e5e473799c7ae461f9fa952d933ed42d20160318-6062-5p43zi.jpg[0]' -auto-orient -resize "300x300>" '/tmp/2504b6ede7c73c41419d29506aab9f6e20160318-6062-1y30lk9'
Command :: identify -format '%wx%h,%[exif:orientation]' '/tmp/e5e473799c7ae461f9fa952d933ed42d20160318-6062-5p43zi.jpg[0]' 2>/dev/null
Command :: identify -format %m '/tmp/e5e473799c7ae461f9fa952d933ed42d20160318-6062-5p43zi.jpg[0]'
Command :: convert '/tmp/e5e473799c7ae461f9fa952d933ed42d20160318-6062-5p43zi.jpg[0]' -auto-orient -resize "x100" -crop "100x100+1+0" +repage '/tmp/2504b6ede7c73c41419d29506aab9f6e20160318-6062-1btfsii'
Command :: file -b --mime '/tmp/e5e473799c7ae461f9fa952d933ed42d20160318-6062-1h6njlj.jpg'
  Rendered devise/registrations/edit.html.erb within layouts/application (58.8ms)
Completed 200 OK in 1428ms (Views: 180.5ms | ActiveRecord: 1.0ms)


Started PUT "/users" for 127.0.0.1 at 2016-03-18 10:44:32 +0300
Processing by Devise::RegistrationsController#update as HTML
  Parameters: {"utf8"=>"✓", "authenticity_token"=>"aB5L8yg7NGVXsJY86DPWlekSnKO1XtsAR7/t75EhPNiyG/RdMKn4Hnz+z2kTPWBobb+6YqIzsraZOG7UQZGKeA==", "user"=>{"avatar"=>#<ActionDispatch::Http::UploadedFile:0x007f04c2e7e6b8 @tempfile=#<Tempfile:/tmp/RackMultipart20160318-6062-5biasl.jpg>, @original_filename="anthem.jpg", @content_type="image/jpeg", @headers="Content-Disposition: form-data; name=\"user[avatar]\"; filename=\"anthem.jpg\"\r\nContent-Type: image/jpeg\r\n">, "names"=>"fruit", "email"=>"fruit@info.com", "password"=>"[FILTERED]", "password_confirmation"=>"[FILTERED]", "current_password"=>"[FILTERED]"}, "commit"=>"Update"}
  [1m[35mUser Load (1.4ms)[0m  SELECT  "users".* FROM "users" WHERE "users"."id" = ?  ORDER BY "users"."id" ASC LIMIT 1  [["id", 2]]
  [1m[36mUser Load (1.0ms)[0m  [1mSELECT  "users".* FROM "users" WHERE "users"."id" = ? LIMIT 1[0m  [["id", 2]]
Unpermitted parameter: password_confirmation
  [1m[35m (0.3ms)[0m  begin transaction
Command :: file -b --mime '/tmp/e5e473799c7ae461f9fa952d933ed42d20160318-6062-fwyd05.jpg'
Command :: identify -format '%wx%h,%[exif:orientation]' '/tmp/e5e473799c7ae461f9fa952d933ed42d20160318-6062-1yb6p4o.jpg[0]' 2>/dev/null
Command :: identify -format %m '/tmp/e5e473799c7ae461f9fa952d933ed42d20160318-6062-1yb6p4o.jpg[0]'
Command :: convert '/tmp/e5e473799c7ae461f9fa952d933ed42d20160318-6062-1yb6p4o.jpg[0]' -auto-orient -resize "300x300>" '/tmp/6501366c05c352eca70eb7f1cf6d135720160318-6062-11su5nw'
Command :: identify -format '%wx%h,%[exif:orientation]' '/tmp/e5e473799c7ae461f9fa952d933ed42d20160318-6062-1yb6p4o.jpg[0]' 2>/dev/null
Command :: identify -format %m '/tmp/e5e473799c7ae461f9fa952d933ed42d20160318-6062-1yb6p4o.jpg[0]'
Command :: convert '/tmp/e5e473799c7ae461f9fa952d933ed42d20160318-6062-1yb6p4o.jpg[0]' -auto-orient -resize "x100" -crop "100x100+1+0" +repage '/tmp/6501366c05c352eca70eb7f1cf6d135720160318-6062-1bon3hd'
Command :: file -b --mime '/tmp/e5e473799c7ae461f9fa952d933ed42d20160318-6062-1fatqze.jpg'
  [1m[36mSQL (1.4ms)[0m  [1mUPDATE "users" SET "avatar_file_name" = ?, "avatar_content_type" = ?, "avatar_file_size" = ?, "avatar_updated_at" = ?, "updated_at" = ? WHERE "users"."id" = ?[0m  [["avatar_file_name", "anthem.jpg"], ["avatar_content_type", "image/jpeg"], ["avatar_file_size", 45462], ["avatar_updated_at", "2016-03-18 07:44:33.748908"], ["updated_at", "2016-03-18 07:44:34.444884"], ["id", 2]]
  [1m[35m (132.2ms)[0m  commit transaction
Redirected to http://localhost:3000/
Completed 302 Found in 1507ms (ActiveRecord: 151.1ms)


Started GET "/" for 127.0.0.1 at 2016-03-18 10:44:34 +0300
Processing by HomeController#index as HTML
  Rendered home/index.html.erb within layouts/application (0.3ms)
Completed 200 OK in 118ms (Views: 114.1ms | ActiveRecord: 0.0ms)


Started GET "/assets/home.self-e3b0c44298fc1c149afbf4c8996fb92427ae41e4649b934ca495991b7852b855.css?body=1" for 127.0.0.1 at 2016-03-18 10:44:35 +0300


Started GET "/assets/application.self-e80e8f2318043e8af94dddc2adad5a4f09739a8ebb323b3ab31cd71d45fd9113.css?body=1" for 127.0.0.1 at 2016-03-18 10:44:35 +0300


Started GET "/assets/jquery_ujs.self-e87806d0cf4489aeb1bb7288016024e8de67fd18db693fe026fe3907581e53cd.js?body=1" for 127.0.0.1 at 2016-03-18 10:44:35 +0300


Started GET "/assets/jquery.self-660adc51e0224b731d29f575a6f1ec167ba08ad06ed5deca4f1e8654c135bf4c.js?body=1" for 127.0.0.1 at 2016-03-18 10:44:35 +0300


Started GET "/assets/home.self-877aef30ae1b040ab8a3aba4e3e309a11d7f2612f44dde450b5c157aa5f95c05.js?body=1" for 127.0.0.1 at 2016-03-18 10:44:35 +0300


Started GET "/assets/turbolinks.self-c37727e9bd6b2735da5c311aa83fead54ed0be6cc8bd9a65309e9c5abe2cbfff.js?body=1" for 127.0.0.1 at 2016-03-18 10:44:35 +0300


Started GET "/assets/application.self-3b8dabdc891efe46b9a144b400ad69e37d7e5876bdc39dee783419a69d7ca819.js?body=1" for 127.0.0.1 at 2016-03-18 10:44:35 +0300


Started GET "/" for 127.0.0.1 at 2016-03-18 10:46:12 +0300
Processing by HomeController#index as HTML
  [1m[36mUser Load (0.5ms)[0m  [1mSELECT  "users".* FROM "users" WHERE "users"."id" = ?  ORDER BY "users"."id" ASC LIMIT 1[0m  [["id", 2]]
  Rendered home/index.html.erb within layouts/application (19.7ms)
Completed 200 OK in 120ms (Views: 115.5ms | ActiveRecord: 0.5ms)


Started GET "/assets/home.self-e3b0c44298fc1c149afbf4c8996fb92427ae41e4649b934ca495991b7852b855.css?body=1" for 127.0.0.1 at 2016-03-18 10:46:13 +0300


Started GET "/assets/jquery.self-660adc51e0224b731d29f575a6f1ec167ba08ad06ed5deca4f1e8654c135bf4c.js?body=1" for 127.0.0.1 at 2016-03-18 10:46:13 +0300


Started GET "/assets/turbolinks.self-c37727e9bd6b2735da5c311aa83fead54ed0be6cc8bd9a65309e9c5abe2cbfff.js?body=1" for 127.0.0.1 at 2016-03-18 10:46:13 +0300


Started GET "/assets/jquery_ujs.self-e87806d0cf4489aeb1bb7288016024e8de67fd18db693fe026fe3907581e53cd.js?body=1" for 127.0.0.1 at 2016-03-18 10:46:14 +0300


Started GET "/assets/home.self-877aef30ae1b040ab8a3aba4e3e309a11d7f2612f44dde450b5c157aa5f95c05.js?body=1" for 127.0.0.1 at 2016-03-18 10:46:14 +0300


Started GET "/assets/application.self-e80e8f2318043e8af94dddc2adad5a4f09739a8ebb323b3ab31cd71d45fd9113.css?body=1" for 127.0.0.1 at 2016-03-18 10:46:14 +0300


Started GET "/assets/application.self-3b8dabdc891efe46b9a144b400ad69e37d7e5876bdc39dee783419a69d7ca819.js?body=1" for 127.0.0.1 at 2016-03-18 10:46:14 +0300


Started GET "/users/edit" for 127.0.0.1 at 2016-03-18 10:49:14 +0300
  [1m[36mActiveRecord::SchemaMigration Load (0.7ms)[0m  [1mSELECT "schema_migrations".* FROM "schema_migrations"[0m
Processing by Devise::RegistrationsController#edit as HTML
  [1m[35mUser Load (1.1ms)[0m  SELECT  "users".* FROM "users" WHERE "users"."id" = ?  ORDER BY "users"."id" ASC LIMIT 1  [["id", 2]]
  Rendered devise/registrations/edit.html.erb within layouts/application (203.0ms)
Completed 200 OK in 1934ms (Views: 1705.7ms | ActiveRecord: 8.0ms)


Started DELETE "/users" for 127.0.0.1 at 2016-03-18 10:49:25 +0300
Processing by Devise::RegistrationsController#destroy as HTML
  Parameters: {"authenticity_token"=>"drc2nTufdbAK50Z1z4pRiy2FTrif+v2/P8G7mB6ldiyssokzIw25yyGpHyA0hOd2qShoeYiXlAnhRjijzhXAjA=="}
  [1m[36mUser Load (0.5ms)[0m  [1mSELECT  "users".* FROM "users" WHERE "users"."id" = ?  ORDER BY "users"."id" ASC LIMIT 1[0m  [["id", 2]]
  [1m[35m (0.4ms)[0m  begin transaction
  [1m[36mSQL (1.5ms)[0m  [1mDELETE FROM "users" WHERE "users"."id" = ?[0m  [["id", 2]]
  [1m[35m (167.3ms)[0m  commit transaction
[paperclip] deleting /home/ninja/Desktop/ivertise/public/system/users/avatars/000/000/002/original/anthem.jpg
[paperclip] deleting /home/ninja/Desktop/ivertise/public/system/users/avatars/000/000/002/medium/anthem.jpg
[paperclip] deleting /home/ninja/Desktop/ivertise/public/system/users/avatars/000/000/002/thumb/anthem.jpg
Redirected to http://localhost:3000/
Completed 302 Found in 248ms (ActiveRecord: 169.8ms)


Started GET "/" for 127.0.0.1 at 2016-03-18 10:49:25 +0300
Processing by HomeController#index as HTML
  Rendered home/index.html.erb within layouts/application (21.1ms)
Completed 200 OK in 121ms (Views: 116.5ms | ActiveRecord: 0.0ms)
